07/04/2013
  Major join performance improvements due to addition of local segments sort option.

05/27/2013
  Added a sorted merge joins as default join type.
  Added support for left, right and outer joins.
  Tested a few TPC-H queries on a 300GB dataset.


05/10/2013
   Added support for star query joins (important for data warehousing applications)
     -look at star_schema_queries.zip
   Support for multitable joins.
   Tested on a 1TB database (Star Schema Benchmark).
   Fixed a problem with grouping of datasets that do not fit GPU.


03/22/2013
   Joins are now GPU hash joins.

02/16/2013
   Performance and bug fixes

02/10/2013
   Modified groupby op - now it is hash-based and scalable.
   Switched to Sean Baxter's binary search implementation (it is significantly faster)
   Added support for COUNT(DISTINCT field))


01/28/2013
    Bug fixes.


01/19/2013.
    Major changes to the way the strings are stored and processed by the engine.
    Implemented join on strings using Murmurhash library.
    Implemented external sort.


11/30/2012.
    Modified the database file structure for faster access to the database segments.



11/16/2012.
    I have verified that the program runs correctly for 64bit values.
    Because CUDPP Hash table supports only 32 bit keys I had to modify the hash join algorithm.